<?xml version="1.0" encoding="UTF-8"?>
<testsuite xmlns:xsi="http://www.w3.org/2001/XMLSchema-instance" xsi:noNamespaceSchemaLocation="https://maven.apache.org/surefire/maven-surefire-plugin/xsd/surefire-test-report.xsd" name="org.yido.AppTest" time="0.028" tests="1" errors="0" skipped="0" failures="0">
  <properties>
    <property name="sun.desktop" value="windows"/>
    <property name="awt.toolkit" value="sun.awt.windows.WToolkit"/>
    <property name="file.encoding.pkg" value="sun.io"/>
    <property name="java.specification.version" value="1.8"/>
    <property name="sun.cpu.isalist" value="amd64"/>
    <property name="sun.jnu.encoding" value="MS949"/>
    <property name="java.class.path" value="C:\git\yido\sentence-splitter\target\test-classes;C:\git\yido\sentence-splitter\target\classes;C:\Users\SAMSUNG\.m2\repository\junit\junit\4.11\junit-4.11.jar;C:\Users\SAMSUNG\.m2\repository\org\hamcrest\hamcrest-core\1.3\hamcrest-core-1.3.jar;C:\Users\SAMSUNG\.m2\repository\kr\bydelta\koalanlp-eunjeon\2.1.6\koalanlp-eunjeon-2.1.6.jar;C:\Users\SAMSUNG\.m2\repository\org\jetbrains\kotlin\kotlin-stdlib\1.3.50\kotlin-stdlib-1.3.50.jar;C:\Users\SAMSUNG\.m2\repository\org\jetbrains\kotlin\kotlin-stdlib-common\1.3.50\kotlin-stdlib-common-1.3.50.jar;C:\Users\SAMSUNG\.m2\repository\org\jetbrains\annotations\13.0\annotations-13.0.jar;C:\Users\SAMSUNG\.m2\repository\kr\bydelta\koalanlp-core\2.1.4\koalanlp-core-2.1.4.jar;C:\Users\SAMSUNG\.m2\repository\org\jetbrains\kotlin\kotlin-stdlib-jdk8\1.3.50\kotlin-stdlib-jdk8-1.3.50.jar;C:\Users\SAMSUNG\.m2\repository\org\jetbrains\kotlin\kotlin-stdlib-jdk7\1.3.50\kotlin-stdlib-jdk7-1.3.50.jar;C:\Users\SAMSUNG\.m2\repository\org\bitbucket\eunjeon\seunjeon_2.12\1.5.0\seunjeon_2.12-1.5.0.jar;C:\Users\SAMSUNG\.m2\repository\org\scala-lang\scala-library\2.12.0\scala-library-2.12.0.jar;C:\Users\SAMSUNG\.m2\repository\org\slf4j\slf4j-jdk14\1.7.12\slf4j-jdk14-1.7.12.jar;C:\Users\SAMSUNG\.m2\repository\com\typesafe\scala-logging\scala-logging_2.12\3.5.0\scala-logging_2.12-3.5.0.jar;C:\Users\SAMSUNG\.m2\repository\org\scala-lang\scala-reflect\2.12.0\scala-reflect-2.12.0.jar;C:\Users\SAMSUNG\.m2\repository\org\slf4j\slf4j-nop\1.7.12\slf4j-nop-1.7.12.jar;C:\Users\SAMSUNG\.m2\repository\org\slf4j\slf4j-api\1.7.12\slf4j-api-1.7.12.jar;"/>
    <property name="java.vm.vendor" value="Oracle Corporation"/>
    <property name="sun.arch.data.model" value="64"/>
    <property name="user.variant" value=""/>
    <property name="java.vendor.url" value="http://java.oracle.com/"/>
    <property name="user.timezone" value="Asia/Seoul"/>
    <property name="java.vm.specification.version" value="1.8"/>
    <property name="os.name" value="Windows 10"/>
    <property name="user.country" value="KR"/>
    <property name="sun.java.launcher" value="SUN_STANDARD"/>
    <property name="sun.boot.library.path" value="C:\Program Files\Java\jdk1.8.0_261\jre\bin"/>
    <property name="sun.java.command" value="C:\Users\SAMSUNG\AppData\Local\Temp\surefire647006824928491926\surefirebooter2043779664429217933.jar C:\Users\SAMSUNG\AppData\Local\Temp\surefire647006824928491926 2020-09-08T17-55-55_415-jvmRun1 surefire5766455625429113329tmp surefire_09027238728207747831tmp"/>
    <property name="surefire.test.class.path" value="C:\git\yido\sentence-splitter\target\test-classes;C:\git\yido\sentence-splitter\target\classes;C:\Users\SAMSUNG\.m2\repository\junit\junit\4.11\junit-4.11.jar;C:\Users\SAMSUNG\.m2\repository\org\hamcrest\hamcrest-core\1.3\hamcrest-core-1.3.jar;C:\Users\SAMSUNG\.m2\repository\kr\bydelta\koalanlp-eunjeon\2.1.6\koalanlp-eunjeon-2.1.6.jar;C:\Users\SAMSUNG\.m2\repository\org\jetbrains\kotlin\kotlin-stdlib\1.3.50\kotlin-stdlib-1.3.50.jar;C:\Users\SAMSUNG\.m2\repository\org\jetbrains\kotlin\kotlin-stdlib-common\1.3.50\kotlin-stdlib-common-1.3.50.jar;C:\Users\SAMSUNG\.m2\repository\org\jetbrains\annotations\13.0\annotations-13.0.jar;C:\Users\SAMSUNG\.m2\repository\kr\bydelta\koalanlp-core\2.1.4\koalanlp-core-2.1.4.jar;C:\Users\SAMSUNG\.m2\repository\org\jetbrains\kotlin\kotlin-stdlib-jdk8\1.3.50\kotlin-stdlib-jdk8-1.3.50.jar;C:\Users\SAMSUNG\.m2\repository\org\jetbrains\kotlin\kotlin-stdlib-jdk7\1.3.50\kotlin-stdlib-jdk7-1.3.50.jar;C:\Users\SAMSUNG\.m2\repository\org\bitbucket\eunjeon\seunjeon_2.12\1.5.0\seunjeon_2.12-1.5.0.jar;C:\Users\SAMSUNG\.m2\repository\org\scala-lang\scala-library\2.12.0\scala-library-2.12.0.jar;C:\Users\SAMSUNG\.m2\repository\org\slf4j\slf4j-jdk14\1.7.12\slf4j-jdk14-1.7.12.jar;C:\Users\SAMSUNG\.m2\repository\com\typesafe\scala-logging\scala-logging_2.12\3.5.0\scala-logging_2.12-3.5.0.jar;C:\Users\SAMSUNG\.m2\repository\org\scala-lang\scala-reflect\2.12.0\scala-reflect-2.12.0.jar;C:\Users\SAMSUNG\.m2\repository\org\slf4j\slf4j-nop\1.7.12\slf4j-nop-1.7.12.jar;C:\Users\SAMSUNG\.m2\repository\org\slf4j\slf4j-api\1.7.12\slf4j-api-1.7.12.jar;"/>
    <property name="sun.cpu.endian" value="little"/>
    <property name="user.home" value="C:\Users\SAMSUNG"/>
    <property name="user.language" value="ko"/>
    <property name="java.specification.vendor" value="Oracle Corporation"/>
    <property name="java.home" value="C:\Program Files\Java\jdk1.8.0_261\jre"/>
    <property name="basedir" value="C:\git\yido\sentence-splitter"/>
    <property name="file.separator" value="\"/>
    <property name="line.separator" value="&#10;"/>
    <property name="java.vm.specification.vendor" value="Oracle Corporation"/>
    <property name="java.specification.name" value="Java Platform API Specification"/>
    <property name="java.awt.graphicsenv" value="sun.awt.Win32GraphicsEnvironment"/>
    <property name="surefire.real.class.path" value="C:\Users\SAMSUNG\AppData\Local\Temp\surefire647006824928491926\surefirebooter2043779664429217933.jar"/>
    <property name="sun.boot.class.path" value="C:\Program Files\Java\jdk1.8.0_261\jre\lib\resources.jar;C:\Program Files\Java\jdk1.8.0_261\jre\lib\rt.jar;C:\Program Files\Java\jdk1.8.0_261\jre\lib\sunrsasign.jar;C:\Program Files\Java\jdk1.8.0_261\jre\lib\jsse.jar;C:\Program Files\Java\jdk1.8.0_261\jre\lib\jce.jar;C:\Program Files\Java\jdk1.8.0_261\jre\lib\charsets.jar;C:\Program Files\Java\jdk1.8.0_261\jre\lib\jfr.jar;C:\Program Files\Java\jdk1.8.0_261\jre\classes"/>
    <property name="user.script" value=""/>
    <property name="sun.management.compiler" value="HotSpot 64-Bit Tiered Compilers"/>
    <property name="java.runtime.version" value="1.8.0_261-b12"/>
    <property name="user.name" value="SAMSUNG"/>
    <property name="path.separator" value=";"/>
    <property name="os.version" value="10.0"/>
    <property name="java.endorsed.dirs" value="C:\Program Files\Java\jdk1.8.0_261\jre\lib\endorsed"/>
    <property name="java.runtime.name" value="Java(TM) SE Runtime Environment"/>
    <property name="file.encoding" value="MS949"/>
    <property name="java.vm.name" value="Java HotSpot(TM) 64-Bit Server VM"/>
    <property name="localRepository" value="C:\Users\SAMSUNG\.m2\repository"/>
    <property name="java.vendor.url.bug" value="http://bugreport.sun.com/bugreport/"/>
    <property name="java.io.tmpdir" value="C:\Users\SAMSUNG\AppData\Local\Temp\"/>
    <property name="idea.version" value="2020.2.1"/>
    <property name="java.version" value="1.8.0_261"/>
    <property name="user.dir" value="C:\git\yido\sentence-splitter"/>
    <property name="os.arch" value="amd64"/>
    <property name="java.vm.specification.name" value="Java Virtual Machine Specification"/>
    <property name="java.awt.printerjob" value="sun.awt.windows.WPrinterJob"/>
    <property name="sun.os.patch.level" value=""/>
    <property name="java.library.path" value="C:\Program Files\Java\jdk1.8.0_261\jre\bin;C:\Windows\Sun\Java\bin;C:\Windows\system32;C:\Windows;C:\Program Files (x86)\Common Files\Oracle\Java\javapath;C:\Windows\system32;C:\Windows;C:\Windows\System32\Wbem;C:\Windows\System32\WindowsPowerShell\v1.0\;C:\Windows\System32\OpenSSH\;C:\Program Files (x86)\NVIDIA Corporation\PhysX\Common;C:\Program Files\NVIDIA Corporation\NVIDIA NvDLISR;C:\Program Files\Git\cmd;JAVA_HOME%\bin;C:\Users\SAMSUNG\AppData\Local\Microsoft\WindowsApps;;C:\Program Files\JetBrains\IntelliJ IDEA 2020.2.1\bin;;C:\Users\SAMSUNG\AppData\Local\Programs\Microsoft VS Code\bin;C:\Program Files\JetBrains\PyCharm Community Edition 2020.2.1\bin;;C:\Program Files\Bandizip\;."/>
    <property name="java.vm.info" value="mixed mode"/>
    <property name="java.vendor" value="Oracle Corporation"/>
    <property name="java.vm.version" value="25.261-b12"/>
    <property name="java.ext.dirs" value="C:\Program Files\Java\jdk1.8.0_261\jre\lib\ext;C:\Windows\Sun\Java\lib\ext"/>
    <property name="sun.io.unicode.encoding" value="UnicodeLittle"/>
    <property name="java.class.version" value="52.0"/>
  </properties>
  <testcase name="inputFileTest" classname="org.yido.AppTest" time="0.006"/>
</testsuite>